[debug] [2019-11-13T00:47:05.487Z] ----------------------------------------------------------------------
[debug] [2019-11-13T00:47:05.491Z] Command:       C:\Program Files\nodejs\node.exe C:\Users\samik\AppData\Roaming\npm\node_modules\firebase-tools\lib\bin\firebase.js init
[debug] [2019-11-13T00:47:05.492Z] CLI Version:   7.7.0
[debug] [2019-11-13T00:47:05.492Z] Platform:      win32
[debug] [2019-11-13T00:47:05.492Z] Node Version:  v10.16.3
[debug] [2019-11-13T00:47:05.493Z] Time:          Tue Nov 12 2019 18:47:05 GMT-0600 (Central Standard Time)
[debug] [2019-11-13T00:47:05.493Z] ----------------------------------------------------------------------
[debug] [2019-11-13T00:47:05.493Z] 
[debug] [2019-11-13T00:47:05.508Z] > command requires scopes: ["email","openid","https://www.googleapis.com/auth/cloudplatformprojects.readonly","https://www.googleapis.com/auth/firebase","https://www.googleapis.com/auth/cloud-platform"]
[debug] [2019-11-13T00:47:05.509Z] > authorizing via signed-in user
[info] 
     ######## #### ########  ######## ########     ###     ######  ########
     ##        ##  ##     ## ##       ##     ##  ##   ##  ##       ##
     ######    ##  ########  ######   ########  #########  ######  ######
     ##        ##  ##    ##  ##       ##     ## ##     ##       ## ##
     ##       #### ##     ## ######## ########  ##     ##  ######  ########

You're about to initialize a Firebase project in this directory:

  C:\dev\heccyeah\heccyeah-ui

Before we get started, keep in mind:

  * You are currently outside your home directory

[info] 
=== Project Setup
[info] 
[info] First, let's associate this project directory with a Firebase project.
[info] You can create multiple project aliases by running firebase use --add, 
[info] but for now we'll just set up a default project.
[info] 
[debug] [2019-11-13T00:47:31.118Z] >>> HTTP REQUEST GET https://firebase.googleapis.com/v1beta1/projects?pageSize=100  
 
[debug] [2019-11-13T00:47:31.940Z] <<< HTTP RESPONSE 200
[info] i  Using project heccyeah-83ebe (heccyeah)
[info] 
=== Database Setup
[info] 
[info] Firebase Realtime Database Rules allow you to define how your data should be
[info] structured and when your data can be read from and written to.
[info] 
[debug] [2019-11-13T00:47:52.687Z] >>> HTTP REQUEST GET https://heccyeah-83ebe.firebaseio.com/.settings/rules.json  
 
[debug] [2019-11-13T00:47:53.395Z] <<< HTTP RESPONSE 200
[info] +  Database Rules for heccyeah-83ebe have been downloaded to (database.rules.json).
[info] Future modifications to (database.rules.json) will update Database Rules when you run
[info] firebase deploy.
[info] 
=== Functions Setup
[info] 
[info] A functions directory will be created in your project with a Node.js
[info] package pre-configured. Functions can be deployed with firebase deploy.
[info] 
[debug] [2019-11-13T00:47:53.431Z] > command requires scopes: ["email","openid","https://www.googleapis.com/auth/cloudplatformprojects.readonly","https://www.googleapis.com/auth/firebase","https://www.googleapis.com/auth/cloud-platform"]
[debug] [2019-11-13T00:47:53.437Z] > authorizing via signed-in user
[debug] [2019-11-13T00:47:53.438Z] >>> HTTP REQUEST GET https://firebase.googleapis.com/v1beta1/projects/heccyeah-83ebe  
 
[debug] [2019-11-13T00:47:53.892Z] <<< HTTP RESPONSE 200
[debug] [2019-11-13T00:47:53.905Z] >>> HTTP REQUEST POST https://serviceusage.googleapis.com/v1/projects/heccyeah-83ebe/services/cloudfunctions.googleapis.com:enable  
 
[debug] [2019-11-13T00:47:53.907Z] >>> HTTP REQUEST POST https://serviceusage.googleapis.com/v1/projects/heccyeah-83ebe/services/runtimeconfig.googleapis.com:enable  
 
[debug] [2019-11-13T00:47:54.842Z] <<< HTTP RESPONSE 200
[debug] [2019-11-13T00:47:54.971Z] <<< HTTP RESPONSE 200
[info] +  Wrote functions/package.json
[info] +  Wrote functions/tsconfig.json
[info] +  Wrote functions/src/index.ts
[info] +  Wrote functions/.gitignore
[info] 
=== Hosting Setup
[info] 
[info] Your public directory is the folder (relative to your project directory) that
[info] will contain Hosting assets to be uploaded with firebase deploy. If you
[info] have a build process for your assets, use your build's output directory.
[info] 
